<?xml version="1.0" encoding="UTF-8"?>
<testng-results skipped="0" failed="0" ignored="0" total="6" passed="6">
  <reporter-output>
  </reporter-output>
  <suite name="Suite" duration-ms="7152" started-at="2021-03-04T22:55:11Z" finished-at="2021-03-04T22:55:18Z">
    <groups>
    </groups>
    <test name="Test" duration-ms="7152" started-at="2021-03-04T22:55:11Z" finished-at="2021-03-04T22:55:18Z">
      <class name="testcases.VideoGameAPITests">
        <test-method status="PASS" signature="getALLVideoGames_tc001()[pri:1, instance:testcases.VideoGameAPITests@679b62af]" name="getALLVideoGames_tc001" duration-ms="2564" started-at="2021-03-04T22:55:11Z" finished-at="2021-03-04T22:55:14Z">
          <reporter-output>
          </reporter-output>
        </test-method> <!-- getALLVideoGames_tc001 -->
        <test-method status="PASS" signature="addNewVideoGame_tc002()[pri:2, instance:testcases.VideoGameAPITests@679b62af]" name="addNewVideoGame_tc002" duration-ms="7" started-at="2021-03-04T22:55:14Z" finished-at="2021-03-04T22:55:14Z">
          <reporter-output>
          </reporter-output>
        </test-method> <!-- addNewVideoGame_tc002 -->
        <test-method status="PASS" signature="addNewVideoGame_tc002a()[pri:3, instance:testcases.VideoGameAPITests@679b62af]" name="addNewVideoGame_tc002a" duration-ms="325" started-at="2021-03-04T22:55:14Z" finished-at="2021-03-04T22:55:14Z">
          <reporter-output>
          </reporter-output>
        </test-method> <!-- addNewVideoGame_tc002a -->
        <test-method status="PASS" signature="getSingleVGame_tc004()[pri:4, instance:testcases.VideoGameAPITests@679b62af]" name="getSingleVGame_tc004" duration-ms="1023" started-at="2021-03-04T22:55:14Z" finished-at="2021-03-04T22:55:15Z">
          <reporter-output>
          </reporter-output>
        </test-method> <!-- getSingleVGame_tc004 -->
        <test-method status="PASS" signature="updateVideoGame_tc003()[pri:5, instance:testcases.VideoGameAPITests@679b62af]" name="updateVideoGame_tc003" duration-ms="101" started-at="2021-03-04T22:55:15Z" finished-at="2021-03-04T22:55:15Z">
          <reporter-output>
          </reporter-output>
        </test-method> <!-- updateVideoGame_tc003 -->
        <test-method status="PASS" signature="deleteVideoGame_tc005()[pri:6, instance:testcases.VideoGameAPITests@679b62af]" name="deleteVideoGame_tc005" duration-ms="3094" started-at="2021-03-04T22:55:15Z" finished-at="2021-03-04T22:55:18Z">
          <reporter-output>
          </reporter-output>
        </test-method> <!-- deleteVideoGame_tc005 -->
      </class> <!-- testcases.VideoGameAPITests -->
    </test> <!-- Test -->
  </suite> <!-- Suite -->
</testng-results>
